Determining if the clock_gettime exist failed with the following output:
Change Dir: /home/ed-5355-3/DAT295/autonomous-vehicles/qpid-proton-0.40.0/build/CMakeFiles/CMakeTmp

Run Build Command(s):/usr/bin/gmake -f Makefile cmTC_5a4c7/fast && /usr/bin/gmake  -f CMakeFiles/cmTC_5a4c7.dir/build.make CMakeFiles/cmTC_5a4c7.dir/build
gmake[1]: Entering directory '/home/ed-5355-3/DAT295/autonomous-vehicles/qpid-proton-0.40.0/build/CMakeFiles/CMakeTmp'
Building C object CMakeFiles/cmTC_5a4c7.dir/CheckSymbolExists.c.o
/usr/bin/cc   -fvisibility=hidden  -std=c99 -o CMakeFiles/cmTC_5a4c7.dir/CheckSymbolExists.c.o -c /home/ed-5355-3/DAT295/autonomous-vehicles/qpid-proton-0.40.0/build/CMakeFiles/CMakeTmp/CheckSymbolExists.c
/home/ed-5355-3/DAT295/autonomous-vehicles/qpid-proton-0.40.0/build/CMakeFiles/CMakeTmp/CheckSymbolExists.c: In function ‘main’:
/home/ed-5355-3/DAT295/autonomous-vehicles/qpid-proton-0.40.0/build/CMakeFiles/CMakeTmp/CheckSymbolExists.c:8:19: error: ‘clock_gettime’ undeclared (first use in this function)
    8 |   return ((int*)(&clock_gettime))[argc];
      |                   ^~~~~~~~~~~~~
/home/ed-5355-3/DAT295/autonomous-vehicles/qpid-proton-0.40.0/build/CMakeFiles/CMakeTmp/CheckSymbolExists.c:8:19: note: each undeclared identifier is reported only once for each function it appears in
gmake[1]: *** [CMakeFiles/cmTC_5a4c7.dir/build.make:78: CMakeFiles/cmTC_5a4c7.dir/CheckSymbolExists.c.o] Error 1
gmake[1]: Leaving directory '/home/ed-5355-3/DAT295/autonomous-vehicles/qpid-proton-0.40.0/build/CMakeFiles/CMakeTmp'
gmake: *** [Makefile:127: cmTC_5a4c7/fast] Error 2


File /home/ed-5355-3/DAT295/autonomous-vehicles/qpid-proton-0.40.0/build/CMakeFiles/CMakeTmp/CheckSymbolExists.c:
/* */
#include <time.h>

int main(int argc, char** argv)
{
  (void)argv;
#ifndef clock_gettime
  return ((int*)(&clock_gettime))[argc];
#else
  (void)argc;
  return 0;
#endif
}
Determining if the strerror_r exist failed with the following output:
Change Dir: /home/ed-5355-3/DAT295/autonomous-vehicles/qpid-proton-0.40.0/build/CMakeFiles/CMakeTmp

Run Build Command(s):/usr/bin/gmake -f Makefile cmTC_35109/fast && /usr/bin/gmake  -f CMakeFiles/cmTC_35109.dir/build.make CMakeFiles/cmTC_35109.dir/build
gmake[1]: Entering directory '/home/ed-5355-3/DAT295/autonomous-vehicles/qpid-proton-0.40.0/build/CMakeFiles/CMakeTmp'
Building C object CMakeFiles/cmTC_35109.dir/CheckSymbolExists.c.o
/usr/bin/cc   -fvisibility=hidden  -std=c99 -o CMakeFiles/cmTC_35109.dir/CheckSymbolExists.c.o -c /home/ed-5355-3/DAT295/autonomous-vehicles/qpid-proton-0.40.0/build/CMakeFiles/CMakeTmp/CheckSymbolExists.c
/home/ed-5355-3/DAT295/autonomous-vehicles/qpid-proton-0.40.0/build/CMakeFiles/CMakeTmp/CheckSymbolExists.c: In function ‘main’:
/home/ed-5355-3/DAT295/autonomous-vehicles/qpid-proton-0.40.0/build/CMakeFiles/CMakeTmp/CheckSymbolExists.c:8:19: error: ‘strerror_r’ undeclared (first use in this function); did you mean ‘strerror’?
    8 |   return ((int*)(&strerror_r))[argc];
      |                   ^~~~~~~~~~
      |                   strerror
/home/ed-5355-3/DAT295/autonomous-vehicles/qpid-proton-0.40.0/build/CMakeFiles/CMakeTmp/CheckSymbolExists.c:8:19: note: each undeclared identifier is reported only once for each function it appears in
gmake[1]: *** [CMakeFiles/cmTC_35109.dir/build.make:78: CMakeFiles/cmTC_35109.dir/CheckSymbolExists.c.o] Error 1
gmake[1]: Leaving directory '/home/ed-5355-3/DAT295/autonomous-vehicles/qpid-proton-0.40.0/build/CMakeFiles/CMakeTmp'
gmake: *** [Makefile:127: cmTC_35109/fast] Error 2


File /home/ed-5355-3/DAT295/autonomous-vehicles/qpid-proton-0.40.0/build/CMakeFiles/CMakeTmp/CheckSymbolExists.c:
/* */
#include <string.h>

int main(int argc, char** argv)
{
  (void)argv;
#ifndef strerror_r
  return ((int*)(&strerror_r))[argc];
#else
  (void)argc;
  return 0;
#endif
}
